( (factorial(n)
    (0     (ld r1 n)
           (lc r2 0)
           (eq r3 r1 r2)
           (st cond r3)
           (ld r15 cond)
           (br r15 1 2) )
    (1          (lc r4 1)
           (st tmp r4)
           (lc r12 0)
           (lc r13 0)
           (eq r14 r12 r13)
           (br r14 3 3) )
    (2          (ld r5 n)
           (lc r6 1)
           (sub r7 r5 r6)
           (st tmp r7)
           (ld r8 tmp)
           (call r9 factorial r8)
           (ld r10 n)
           (mul r11 r9 r10)
           (st tmp r11)
           (lc r12 0)
           (lc r13 0)
           (eq r14 r12 r13)
           (br r14 3 3) )
    (3     (ld r16 tmp)
           (ret r16) ) )
  (main(n)
    (0     (ld r1 n)
           (call r2 factorial r1)
           (st tmp r2)
           (ld r3 tmp)
           (ret r3) ) ) )