( (factorial(n)
    (0   (ld r1 n)
         (lc r2 0)
         (eq r3 r1 r2)
         (st cond r3)
         (ld r4 cond)
         (br r4 1 2) )
    (1   (lc r5 1)
         (st tmp r5)
         (ld r6 tmp)
         (ret r6) )
    (2   (ld r5 n)
         (lc r6 1)
         (sub r7 r5 r6)
         (st tmp r7)
         (ld r8 tmp)
         (call r9 factorial r8)
         (ld r10 n)
         (mul r11 r9 r10)
         (st tmp r11)
         (ld r12 tmp)
         (ret r12) )
    (3    ) )
  (main(n)
    (0   (ld r1 n)
         (call r2 factorial r1)
         (st tmp r2)
         (ld r3 tmp)
         (ret r3)
      ) )
)