( (areSorted(n1 n2 n3)
    (0     (lc r1 1)
           (st true r1)
           (lc r2 0)
           (st false r2)
           (ld r3 n1)
           (ld r4 n2)
           (lt r5 r3 r4)
           (st cond1 r5)
           (ld r23 cond1)
           (br r23 1 5) )
    (1          (ld r6 n2)
           (ld r7 n3)
           (lt r8 r6 r7)
           (st cond2 r8)
           (ld r16 cond2)
           (br r16 2 3) )
    (2          (ld r9 true)
           (ret r9)
           (lc r10 0)
           (lc r11 0)
           (eq r12 r10 r11)
           (br r12 3 3) )
    (3          (lc r13 0)
           (lc r14 0)
           (eq r15 r13 r14)
           (br r15 4 4) )
    (4     (lc r17 0)
           (lc r18 0)
           (eq r19 r17 r18)
           (br r19 5 5) )
    (5          (lc r20 0)
           (lc r21 0)
           (eq r22 r20 r21)
           (br r22 6 6) )
    (6     (ld r24 false)
           (ret r24) ) )
  (main(n1 n2 n3)
    (0     (ld r1 n1)
           (ld r2 n2)
           (ld r3 n3)
           (call r4 areSorted r1 r2 r3)
           (st tmp r4)
           (ld r5 tmp)
           (ret r5) ) ) )